2020-10-14 11:25:39,589 INFO org.springframework.boot.StartupInfoLogger [main] Starting FileDemoApplication on clarences-mbp.lan with PID 68186 (/Users/clarencebarringer/IdeaProjects/file-demo/target/classes started by clarencebarringer in /Users/clarencebarringer/IdeaProjects/file-demo)
2020-10-14 11:25:39,592 DEBUG org.springframework.boot.StartupInfoLogger [main] Running with Spring Boot v2.3.4.RELEASE, Spring v5.2.9.RELEASE
2020-10-14 11:25:39,593 INFO org.springframework.boot.SpringApplication [main] No active profile set, falling back to default profiles: default
2020-10-14 11:25:40,312 INFO org.springframework.boot.web.embedded.tomcat.TomcatWebServer [main] Tomcat initialized with port(s): 8080 (http)
2020-10-14 11:25:40,321 INFO org.apache.juli.logging.DirectJDKLog [main] Initializing ProtocolHandler ["http-nio-8080"]
2020-10-14 11:25:40,321 INFO org.apache.juli.logging.DirectJDKLog [main] Starting service [Tomcat]
2020-10-14 11:25:40,322 INFO org.apache.juli.logging.DirectJDKLog [main] Starting Servlet engine: [Apache Tomcat/9.0.38]
2020-10-14 11:25:40,388 INFO org.apache.juli.logging.DirectJDKLog [main] Initializing Spring embedded WebApplicationContext
2020-10-14 11:25:40,389 INFO org.springframework.boot.web.servlet.context.ServletWebServerApplicationContext [main] Root WebApplicationContext: initialization completed in 747 ms
2020-10-14 11:25:40,532 INFO org.springframework.scheduling.concurrent.ExecutorConfigurationSupport [main] Initializing ExecutorService 'applicationTaskExecutor'
2020-10-14 11:25:40,630 WARN org.springframework.boot.autoconfigure.thymeleaf.ThymeleafAutoConfiguration$DefaultTemplateResolverConfiguration [main] Cannot find template location: classpath:/templates/ (please add some templates or check your Thymeleaf configuration)
2020-10-14 11:25:40,683 INFO org.apache.juli.logging.DirectJDKLog [main] Starting ProtocolHandler ["http-nio-8080"]
2020-10-14 11:25:40,701 INFO org.springframework.boot.web.embedded.tomcat.TomcatWebServer [main] Tomcat started on port(s): 8080 (http) with context path ''
2020-10-14 11:25:40,712 INFO org.springframework.boot.StartupInfoLogger [main] Started FileDemoApplication in 1.484 seconds (JVM running for 2.029)
2020-10-14 12:25:48,960 INFO org.apache.juli.logging.DirectJDKLog [http-nio-8080-exec-2] Initializing Spring DispatcherServlet 'dispatcherServlet'
2020-10-14 12:25:48,961 INFO org.springframework.web.servlet.FrameworkServlet [http-nio-8080-exec-2] Initializing Servlet 'dispatcherServlet'
2020-10-14 12:25:48,970 INFO org.springframework.web.servlet.FrameworkServlet [http-nio-8080-exec-2] Completed initialization in 8 ms
2020-10-14 12:32:47,554 INFO org.springframework.scheduling.concurrent.ExecutorConfigurationSupport [SpringContextShutdownHook] Shutting down ExecutorService 'applicationTaskExecutor'
2020-10-14 12:35:10,635 INFO org.springframework.boot.StartupInfoLogger [main] Starting FileDemoApplication on clarences-mbp.lan with PID 70981 (/Users/clarencebarringer/IdeaProjects/file-demo/target/classes started by clarencebarringer in /Users/clarencebarringer/IdeaProjects/file-demo)
2020-10-14 12:35:10,638 DEBUG org.springframework.boot.StartupInfoLogger [main] Running with Spring Boot v2.3.4.RELEASE, Spring v5.2.9.RELEASE
2020-10-14 12:35:10,638 INFO org.springframework.boot.SpringApplication [main] No active profile set, falling back to default profiles: default
2020-10-14 12:35:11,435 INFO org.springframework.boot.web.embedded.tomcat.TomcatWebServer [main] Tomcat initialized with port(s): 8080 (http)
2020-10-14 12:35:11,445 INFO org.apache.juli.logging.DirectJDKLog [main] Initializing ProtocolHandler ["http-nio-8080"]
2020-10-14 12:35:11,445 INFO org.apache.juli.logging.DirectJDKLog [main] Starting service [Tomcat]
2020-10-14 12:35:11,446 INFO org.apache.juli.logging.DirectJDKLog [main] Starting Servlet engine: [Apache Tomcat/9.0.38]
2020-10-14 12:35:11,509 INFO org.apache.juli.logging.DirectJDKLog [main] Initializing Spring embedded WebApplicationContext
2020-10-14 12:35:11,509 INFO org.springframework.boot.web.servlet.context.ServletWebServerApplicationContext [main] Root WebApplicationContext: initialization completed in 820 ms
2020-10-14 12:35:11,652 INFO org.springframework.scheduling.concurrent.ExecutorConfigurationSupport [main] Initializing ExecutorService 'applicationTaskExecutor'
2020-10-14 12:35:11,782 WARN org.springframework.boot.autoconfigure.thymeleaf.ThymeleafAutoConfiguration$DefaultTemplateResolverConfiguration [main] Cannot find template location: classpath:/templates/ (please add some templates or check your Thymeleaf configuration)
2020-10-14 12:35:11,848 INFO org.apache.juli.logging.DirectJDKLog [main] Starting ProtocolHandler ["http-nio-8080"]
2020-10-14 12:35:11,869 INFO org.springframework.boot.web.embedded.tomcat.TomcatWebServer [main] Tomcat started on port(s): 8080 (http) with context path ''
2020-10-14 12:35:11,881 INFO org.springframework.boot.StartupInfoLogger [main] Started FileDemoApplication in 1.674 seconds (JVM running for 2.366)
2020-10-14 12:36:53,800 INFO org.springframework.scheduling.concurrent.ExecutorConfigurationSupport [SpringContextShutdownHook] Shutting down ExecutorService 'applicationTaskExecutor'
2020-10-14 12:38:21,963 INFO org.springframework.boot.StartupInfoLogger [main] Starting FileDemoApplication on clarences-mbp.lan with PID 71355 (/Users/clarencebarringer/IdeaProjects/file-demo/target/classes started by clarencebarringer in /Users/clarencebarringer/IdeaProjects/file-demo)
2020-10-14 12:38:21,967 DEBUG org.springframework.boot.StartupInfoLogger [main] Running with Spring Boot v2.3.4.RELEASE, Spring v5.2.9.RELEASE
2020-10-14 12:38:21,967 INFO org.springframework.boot.SpringApplication [main] No active profile set, falling back to default profiles: default
2020-10-14 12:38:22,654 INFO org.springframework.boot.web.embedded.tomcat.TomcatWebServer [main] Tomcat initialized with port(s): 8080 (http)
2020-10-14 12:38:22,663 INFO org.apache.juli.logging.DirectJDKLog [main] Initializing ProtocolHandler ["http-nio-8080"]
2020-10-14 12:38:22,664 INFO org.apache.juli.logging.DirectJDKLog [main] Starting service [Tomcat]
2020-10-14 12:38:22,664 INFO org.apache.juli.logging.DirectJDKLog [main] Starting Servlet engine: [Apache Tomcat/9.0.38]
2020-10-14 12:38:22,726 INFO org.apache.juli.logging.DirectJDKLog [main] Initializing Spring embedded WebApplicationContext
2020-10-14 12:38:22,727 INFO org.springframework.boot.web.servlet.context.ServletWebServerApplicationContext [main] Root WebApplicationContext: initialization completed in 719 ms
2020-10-14 12:38:22,772 DEBUG org.gene.filedemo.service.FileStorageService [main] FileStorageService - fileStorageLocation is /tmp/uploads
2020-10-14 12:38:22,876 INFO org.springframework.scheduling.concurrent.ExecutorConfigurationSupport [main] Initializing ExecutorService 'applicationTaskExecutor'
2020-10-14 12:38:22,990 WARN org.springframework.boot.autoconfigure.thymeleaf.ThymeleafAutoConfiguration$DefaultTemplateResolverConfiguration [main] Cannot find template location: classpath:/templates/ (please add some templates or check your Thymeleaf configuration)
2020-10-14 12:38:23,041 INFO org.apache.juli.logging.DirectJDKLog [main] Starting ProtocolHandler ["http-nio-8080"]
2020-10-14 12:38:23,059 INFO org.springframework.boot.web.embedded.tomcat.TomcatWebServer [main] Tomcat started on port(s): 8080 (http) with context path ''
2020-10-14 12:38:23,070 INFO org.springframework.boot.StartupInfoLogger [main] Started FileDemoApplication in 1.472 seconds (JVM running for 2.027)
2020-10-14 12:55:07,819 INFO org.springframework.scheduling.concurrent.ExecutorConfigurationSupport [SpringContextShutdownHook] Shutting down ExecutorService 'applicationTaskExecutor'
2020-10-14 13:01:07,184 INFO org.springframework.boot.StartupInfoLogger [main] Starting FileDemoApplication on clarences-mbp.lan with PID 74004 (/Users/clarencebarringer/IdeaProjects/file-demo/target/classes started by clarencebarringer in /Users/clarencebarringer/IdeaProjects/file-demo)
2020-10-14 13:01:07,187 DEBUG org.springframework.boot.StartupInfoLogger [main] Running with Spring Boot v2.3.4.RELEASE, Spring v5.2.9.RELEASE
2020-10-14 13:01:07,188 INFO org.springframework.boot.SpringApplication [main] No active profile set, falling back to default profiles: default
2020-10-14 13:01:08,078 INFO org.springframework.boot.web.embedded.tomcat.TomcatWebServer [main] Tomcat initialized with port(s): 8080 (http)
2020-10-14 13:01:08,088 INFO org.apache.juli.logging.DirectJDKLog [main] Initializing ProtocolHandler ["http-nio-8080"]
2020-10-14 13:01:08,089 INFO org.apache.juli.logging.DirectJDKLog [main] Starting service [Tomcat]
2020-10-14 13:01:08,089 INFO org.apache.juli.logging.DirectJDKLog [main] Starting Servlet engine: [Apache Tomcat/9.0.38]
2020-10-14 13:01:08,164 INFO org.apache.juli.logging.DirectJDKLog [main] Initializing Spring embedded WebApplicationContext
2020-10-14 13:01:08,164 INFO org.springframework.boot.web.servlet.context.ServletWebServerApplicationContext [main] Root WebApplicationContext: initialization completed in 916 ms
2020-10-14 13:01:08,207 DEBUG org.gene.filedemo.service.FileStorageService [main] FileStorageService - fileStorageLocation is /tmp/uploads
2020-10-14 13:01:08,323 INFO org.springframework.scheduling.concurrent.ExecutorConfigurationSupport [main] Initializing ExecutorService 'applicationTaskExecutor'
2020-10-14 13:01:08,432 WARN org.springframework.boot.autoconfigure.thymeleaf.ThymeleafAutoConfiguration$DefaultTemplateResolverConfiguration [main] Cannot find template location: classpath:/templates/ (please add some templates or check your Thymeleaf configuration)
2020-10-14 13:01:08,499 INFO org.apache.juli.logging.DirectJDKLog [main] Starting ProtocolHandler ["http-nio-8080"]
2020-10-14 13:01:08,529 INFO org.springframework.boot.web.embedded.tomcat.TomcatWebServer [main] Tomcat started on port(s): 8080 (http) with context path ''
2020-10-14 13:01:08,551 INFO org.springframework.boot.StartupInfoLogger [main] Started FileDemoApplication in 1.865 seconds (JVM running for 2.676)
2020-10-14 13:01:36,060 INFO org.apache.juli.logging.DirectJDKLog [http-nio-8080-exec-2] Initializing Spring DispatcherServlet 'dispatcherServlet'
2020-10-14 13:01:36,061 INFO org.springframework.web.servlet.FrameworkServlet [http-nio-8080-exec-2] Initializing Servlet 'dispatcherServlet'
2020-10-14 13:01:36,075 INFO org.springframework.web.servlet.FrameworkServlet [http-nio-8080-exec-2] Completed initialization in 14 ms
2020-10-14 13:01:43,590 DEBUG org.gene.filedemo.service.FileStorageService [http-nio-8080-exec-2] listFilesInStorage - file name is ideaIU-2020.2.1.dmg
2020-10-14 13:01:43,591 DEBUG org.gene.filedemo.service.FileStorageService [http-nio-8080-exec-2] listFilesInStorage - file name is us-states.csv
2020-10-14 16:28:27,867 INFO org.springframework.scheduling.concurrent.ExecutorConfigurationSupport [SpringContextShutdownHook] Shutting down ExecutorService 'applicationTaskExecutor'
2020-10-14 17:15:18,285 INFO org.springframework.boot.StartupInfoLogger [main] Starting FileDemoApplication on clarences-mbp.lan with PID 86467 (/Users/clarencebarringer/IdeaProjects/file-demo/target/classes started by clarencebarringer in /Users/clarencebarringer/IdeaProjects/file-demo)
2020-10-14 17:15:18,288 DEBUG org.springframework.boot.StartupInfoLogger [main] Running with Spring Boot v2.3.4.RELEASE, Spring v5.2.9.RELEASE
2020-10-14 17:15:18,289 INFO org.springframework.boot.SpringApplication [main] No active profile set, falling back to default profiles: default
2020-10-14 17:15:19,143 INFO org.springframework.boot.web.embedded.tomcat.TomcatWebServer [main] Tomcat initialized with port(s): 8080 (http)
2020-10-14 17:15:19,153 INFO org.apache.juli.logging.DirectJDKLog [main] Initializing ProtocolHandler ["http-nio-8080"]
2020-10-14 17:15:19,153 INFO org.apache.juli.logging.DirectJDKLog [main] Starting service [Tomcat]
2020-10-14 17:15:19,153 INFO org.apache.juli.logging.DirectJDKLog [main] Starting Servlet engine: [Apache Tomcat/9.0.38]
2020-10-14 17:15:19,220 INFO org.apache.juli.logging.DirectJDKLog [main] Initializing Spring embedded WebApplicationContext
2020-10-14 17:15:19,221 INFO org.springframework.boot.web.servlet.context.ServletWebServerApplicationContext [main] Root WebApplicationContext: initialization completed in 877 ms
2020-10-14 17:15:19,263 DEBUG org.gene.filedemo.service.FileStorageService [main] FileStorageService - fileStorageLocation is /tmp/uploads
2020-10-14 17:15:19,361 INFO org.springframework.scheduling.concurrent.ExecutorConfigurationSupport [main] Initializing ExecutorService 'applicationTaskExecutor'
2020-10-14 17:15:19,467 WARN org.springframework.boot.autoconfigure.thymeleaf.ThymeleafAutoConfiguration$DefaultTemplateResolverConfiguration [main] Cannot find template location: classpath:/templates/ (please add some templates or check your Thymeleaf configuration)
2020-10-14 17:15:19,519 INFO org.apache.juli.logging.DirectJDKLog [main] Starting ProtocolHandler ["http-nio-8080"]
2020-10-14 17:15:19,538 INFO org.springframework.boot.web.embedded.tomcat.TomcatWebServer [main] Tomcat started on port(s): 8080 (http) with context path ''
2020-10-14 17:15:19,549 INFO org.springframework.boot.StartupInfoLogger [main] Started FileDemoApplication in 1.678 seconds (JVM running for 2.305)
2020-10-14 17:15:35,933 INFO org.apache.juli.logging.DirectJDKLog [http-nio-8080-exec-2] Initializing Spring DispatcherServlet 'dispatcherServlet'
2020-10-14 17:15:35,934 INFO org.springframework.web.servlet.FrameworkServlet [http-nio-8080-exec-2] Initializing Servlet 'dispatcherServlet'
2020-10-14 17:15:35,943 INFO org.springframework.web.servlet.FrameworkServlet [http-nio-8080-exec-2] Completed initialization in 9 ms
2020-10-14 17:15:42,907 DEBUG org.gene.filedemo.service.FileStorageService [http-nio-8080-exec-2] listFilesInStorage - file name is ideaIU-2020.2.1.dmg
2020-10-14 17:15:42,933 DEBUG org.gene.filedemo.service.FileStorageService [http-nio-8080-exec-2] listFilesInStorage - file type is null
2020-10-14 17:15:42,933 DEBUG org.gene.filedemo.service.FileStorageService [http-nio-8080-exec-2] listFilesInStorage - file name is us-states.csv
2020-10-14 17:15:42,934 DEBUG org.gene.filedemo.service.FileStorageService [http-nio-8080-exec-2] listFilesInStorage - file type is text/csv
